2023-06-27T01:30:02.593119Z 0 [System] [MY-010116] [Server] /usr/local/mysql/bin/mysqld (mysqld 8.0.33) starting as process 47870
2023-06-27T01:30:02.594319Z 0 [Warning] [MY-010159] [Server] Setting lower_case_table_names=2 because file system for /usr/local/mysql/data/ is case insensitive
2023-06-27T01:30:02.674671Z 1 [System] [MY-013576] [InnoDB] InnoDB initialization has started.
2023-06-27T01:30:02.706993Z 1 [System] [MY-013577] [InnoDB] InnoDB initialization has ended.
2023-06-27T01:30:02.751726Z 0 [Warning] [MY-010068] [Server] CA certificate ca.pem is self signed.
2023-06-27T01:30:02.751741Z 0 [System] [MY-013602] [Server] Channel mysql_main configured to support TLS. Encrypted connections are now supported for this channel.
2023-06-27T01:30:02.756526Z 0 [System] [MY-011323] [Server] X Plugin ready for connections. Bind-address: '::' port: 33060, socket: /tmp/mysqlx.sock
2023-06-27T01:30:02.756553Z 0 [System] [MY-010931] [Server] /usr/local/mysql/bin/mysqld: ready for connections. Version: '8.0.33'  socket: '/tmp/mysql.sock'  port: 3306  MySQL Community Server - GPL.
2023-07-02T13:08:56.275102Z 0 [System] [MY-013172] [Server] Received SHUTDOWN from user <via user signal>. Shutting down mysqld (Version: 8.0.33).
2023-07-02T13:08:56.796851Z 0 [System] [MY-010910] [Server] /usr/local/mysql/bin/mysqld: Shutdown complete (mysqld 8.0.33)  MySQL Community Server - GPL.
2023-07-02T13:09:21.927769Z 0 [System] [MY-010116] [Server] /usr/local/mysql/bin/mysqld (mysqld 8.0.33) starting as process 356
2023-07-02T13:09:21.932762Z 0 [Warning] [MY-010159] [Server] Setting lower_case_table_names=2 because file system for /usr/local/mysql/data/ is case insensitive
2023-07-02T13:09:21.980152Z 1 [System] [MY-013576] [InnoDB] InnoDB initialization has started.
2023-07-02T13:09:22.038839Z 1 [System] [MY-013577] [InnoDB] InnoDB initialization has ended.
2023-07-02T13:09:22.127716Z 0 [Warning] [MY-010068] [Server] CA certificate ca.pem is self signed.
2023-07-02T13:09:22.127730Z 0 [System] [MY-013602] [Server] Channel mysql_main configured to support TLS. Encrypted connections are now supported for this channel.
2023-07-02T13:09:22.140019Z 0 [System] [MY-011323] [Server] X Plugin ready for connections. Bind-address: '::' port: 33060, socket: /tmp/mysqlx.sock
2023-07-02T13:09:22.140038Z 0 [System] [MY-010931] [Server] /usr/local/mysql/bin/mysqld: ready for connections. Version: '8.0.33'  socket: '/tmp/mysql.sock'  port: 3306  MySQL Community Server - GPL.
2023-07-14T03:46:49.324924Z 644 [Warning] [MY-010058] [Server] Hostname 'laptop-qbqlbn2c.concordian.ac.th' does not resolve to '192.168.8.226'.
2023-09-22T00:21:58.115337Z 0 [System] [MY-013172] [Server] Received SHUTDOWN from user <via user signal>. Shutting down mysqld (Version: 8.0.33).
2023-09-22T00:21:58.500061Z 0 [System] [MY-010910] [Server] /usr/local/mysql/bin/mysqld: Shutdown complete (mysqld 8.0.33)  MySQL Community Server - GPL.
2023-09-22T00:22:26.348804Z 0 [System] [MY-010116] [Server] /usr/local/mysql/bin/mysqld (mysqld 8.0.33) starting as process 353
2023-09-22T00:22:26.351980Z 0 [Warning] [MY-010159] [Server] Setting lower_case_table_names=2 because file system for /usr/local/mysql/data/ is case insensitive
2023-09-22T00:22:26.399314Z 1 [System] [MY-013576] [InnoDB] InnoDB initialization has started.
2023-09-22T00:22:26.464279Z 1 [System] [MY-013577] [InnoDB] InnoDB initialization has ended.
2023-09-22T00:22:26.541397Z 0 [Warning] [MY-010068] [Server] CA certificate ca.pem is self signed.
2023-09-22T00:22:26.541412Z 0 [System] [MY-013602] [Server] Channel mysql_main configured to support TLS. Encrypted connections are now supported for this channel.
2023-09-22T00:22:26.549821Z 0 [System] [MY-011323] [Server] X Plugin ready for connections. Bind-address: '::' port: 33060, socket: /tmp/mysqlx.sock
2023-09-22T00:22:26.549847Z 0 [System] [MY-010931] [Server] /usr/local/mysql/bin/mysqld: ready for connections. Version: '8.0.33'  socket: '/tmp/mysql.sock'  port: 3306  MySQL Community Server - GPL.
